2019-06-21 11:00:16.128 [restartedMain] INFO  o.s.b.d.env.DevToolsPropertyDefaultsPostProcessor-Devtools property defaults active! Set 'spring.devtools.add-properties' to 'false' to disable
2019-06-21 11:00:16.407 [restartedMain] INFO  o.s.c.s.PostProcessorRegistrationDelegate$BeanPostProcessorChecker-Bean 'configurationPropertiesRebinderAutoConfiguration' of type [org.springframework.cloud.autoconfigure.ConfigurationPropertiesRebinderAutoConfiguration$$EnhancerBySpringCGLIB$$cfd669d7] is not eligible for getting processed by all BeanPostProcessors (for example: not eligible for auto-proxying)
2019-06-21 11:00:17.065 [restartedMain] INFO  demo.eureka.com.eu.ConsumerApp-No active profile set, falling back to default profiles: default
2019-06-21 11:00:19.105 [restartedMain] WARN  o.springframework.boot.actuate.endpoint.EndpointId-Endpoint ID 'service-registry' contains invalid characters, please migrate to a valid format.
2019-06-21 11:00:19.646 [restartedMain] INFO  o.springframework.cloud.context.scope.GenericScope-BeanFactory id=2fa9d026-96b1-39b0-b35b-8cb6ef86ab50
2019-06-21 11:00:19.956 [restartedMain] INFO  o.s.c.s.PostProcessorRegistrationDelegate$BeanPostProcessorChecker-Bean 'org.springframework.cloud.autoconfigure.ConfigurationPropertiesRebinderAutoConfiguration' of type [org.springframework.cloud.autoconfigure.ConfigurationPropertiesRebinderAutoConfiguration$$EnhancerBySpringCGLIB$$cfd669d7] is not eligible for getting processed by all BeanPostProcessors (for example: not eligible for auto-proxying)
2019-06-21 11:00:21.240 [restartedMain] INFO  o.s.boot.web.embedded.tomcat.TomcatWebServer-Tomcat initialized with port(s): 8084 (http)
2019-06-21 11:00:21.270 [restartedMain] INFO  org.apache.coyote.http11.Http11NioProtocol-Initializing ProtocolHandler ["http-nio-8084"]
2019-06-21 11:00:21.287 [restartedMain] INFO  org.apache.catalina.core.StandardService-Starting service [Tomcat]
2019-06-21 11:00:21.287 [restartedMain] INFO  org.apache.catalina.core.StandardEngine-Starting Servlet engine: [Apache Tomcat/9.0.16]
2019-06-21 11:00:21.305 [restartedMain] INFO  org.apache.catalina.core.AprLifecycleListener-The APR based Apache Tomcat Native library which allows optimal performance in production environments was not found on the java.library.path: [C:\Program Files\Java\jdk1.8.0_161\bin;C:\Windows\Sun\Java\bin;C:\Windows\system32;C:\Windows;C:/Program Files/Java/jre1.8.0_161/bin/server;C:/Program Files/Java/jre1.8.0_161/bin;C:/Program Files/Java/jre1.8.0_161/lib/amd64;C:\Program Files (x86)\Common Files\NetSarang;C:\ProgramData\Oracle\Java\javapath;C:\Windows\system32;C:\Windows;C:\Windows\System32\Wbem;C:\Windows\System32\WindowsPowerShell\v1.0\;D:\wamp\bin\php\php5.5.12;C:\Program Files\Java\jdk1.8.0_161\bin;C:\Program Files\Java\jdk1.8.0_161\jre\bin;D:\Program Files\OpenVPN\bin;d:\Program Files\Microsoft VS Code\bin;C:\Program Files\nodejs\;C:\Python27;C:\Python27\Scripts;C:\Python27\Tools\Scripts;;C:\Program Files\Docker Toolbox;C:\Users\Ervin\AppData\Roaming\npm;C:\Users\Ervin\AppData\Local\Android\Sdk\tools;C:\Users\Ervin\AppData\Local\Android\Sdk\platform-tools;C:\Users\Ervin\AppData\Local\Android\Sdk\build-tools\28.0.0;;C:\Users\Ervin\Desktop;;.]
2019-06-21 11:00:21.502 [restartedMain] INFO  o.a.c.c.C.[Tomcat].[localhost].[/consumer]-Initializing Spring embedded WebApplicationContext
2019-06-21 11:00:21.502 [restartedMain] INFO  org.springframework.web.context.ContextLoader-Root WebApplicationContext: initialization completed in 4411 ms
2019-06-21 11:00:21.700 [restartedMain] WARN  com.netflix.config.sources.URLConfigurationSource-No URLs will be polled as dynamic configuration sources.
2019-06-21 11:00:21.700 [restartedMain] INFO  com.netflix.config.sources.URLConfigurationSource-To enable URLs as dynamic configuration sources, define System property archaius.configurationSource.additionalUrls or make config.properties available on classpath.
2019-06-21 11:00:21.739 [restartedMain] INFO  com.netflix.config.DynamicPropertyFactory-DynamicPropertyFactory is initialized with configuration sources: com.netflix.config.ConcurrentCompositeConfiguration@137724cf
2019-06-21 11:00:23.204 [restartedMain] WARN  o.s.b.w.s.c.AnnotationConfigServletWebServerApplicationContext-Exception encountered during context initialization - cancelling refresh attempt: org.springframework.beans.factory.UnsatisfiedDependencyException: Error creating bean with name 'rpcInovke': Unsatisfied dependency expressed through field 'helloRemote'; nested exception is org.springframework.beans.factory.NoSuchBeanDefinitionException: No qualifying bean of type 'demo.eureka.com.eu.service.RemoteHello' available: expected at least 1 bean which qualifies as autowire candidate. Dependency annotations: {@org.springframework.beans.factory.annotation.Autowired(required=true)}
2019-06-21 11:00:23.207 [restartedMain] INFO  o.s.beans.factory.support.DisposableBeanAdapter-Destroy method 'close' on bean with name 'eurekaRegistration' threw an exception: org.springframework.beans.factory.BeanCreationNotAllowedException: Error creating bean with name 'org.springframework.cloud.netflix.eureka.EurekaClientAutoConfiguration$RefreshableEurekaClientConfiguration': Singleton bean creation not allowed while singletons of this factory are in destruction (Do not request a bean from a BeanFactory in a destroy method implementation!)
2019-06-21 11:00:23.209 [restartedMain] INFO  org.apache.catalina.core.StandardService-Stopping service [Tomcat]
2019-06-21 11:00:23.267 [restartedMain] INFO  o.s.b.a.l.ConditionEvaluationReportLoggingListener-

Error starting ApplicationContext. To display the conditions report re-run your application with 'debug' enabled.
2019-06-21 11:00:23.712 [restartedMain] ERROR o.s.b.diagnostics.LoggingFailureAnalysisReporter-

***************************
APPLICATION FAILED TO START
***************************

Description:

Field helloRemote in demo.eureka.com.eu.controller.RpcInovke required a bean of type 'demo.eureka.com.eu.service.RemoteHello' that could not be found.

The injection point has the following annotations:
	- @org.springframework.beans.factory.annotation.Autowired(required=true)


Action:

Consider defining a bean of type 'demo.eureka.com.eu.service.RemoteHello' in your configuration.

2019-06-21 11:06:38.709 [restartedMain] INFO  o.s.b.d.env.DevToolsPropertyDefaultsPostProcessor-Devtools property defaults active! Set 'spring.devtools.add-properties' to 'false' to disable
2019-06-21 11:06:39.002 [restartedMain] INFO  o.s.c.s.PostProcessorRegistrationDelegate$BeanPostProcessorChecker-Bean 'configurationPropertiesRebinderAutoConfiguration' of type [org.springframework.cloud.autoconfigure.ConfigurationPropertiesRebinderAutoConfiguration$$EnhancerBySpringCGLIB$$2480a184] is not eligible for getting processed by all BeanPostProcessors (for example: not eligible for auto-proxying)
2019-06-21 11:06:39.571 [restartedMain] INFO  demo.eureka.com.eu.ConsumerApp-No active profile set, falling back to default profiles: default
2019-06-21 11:06:41.196 [restartedMain] WARN  o.springframework.boot.actuate.endpoint.EndpointId-Endpoint ID 'service-registry' contains invalid characters, please migrate to a valid format.
2019-06-21 11:06:41.593 [restartedMain] INFO  o.springframework.cloud.context.scope.GenericScope-BeanFactory id=77ea21f8-b891-3bb1-8ad7-38fec06d57c6
2019-06-21 11:06:41.736 [restartedMain] INFO  o.s.c.s.PostProcessorRegistrationDelegate$BeanPostProcessorChecker-Bean 'org.springframework.cloud.autoconfigure.ConfigurationPropertiesRebinderAutoConfiguration' of type [org.springframework.cloud.autoconfigure.ConfigurationPropertiesRebinderAutoConfiguration$$EnhancerBySpringCGLIB$$2480a184] is not eligible for getting processed by all BeanPostProcessors (for example: not eligible for auto-proxying)
2019-06-21 11:06:42.812 [restartedMain] INFO  o.s.boot.web.embedded.tomcat.TomcatWebServer-Tomcat initialized with port(s): 8084 (http)
2019-06-21 11:06:42.836 [restartedMain] INFO  org.apache.coyote.http11.Http11NioProtocol-Initializing ProtocolHandler ["http-nio-8084"]
2019-06-21 11:06:42.851 [restartedMain] INFO  org.apache.catalina.core.StandardService-Starting service [Tomcat]
2019-06-21 11:06:42.851 [restartedMain] INFO  org.apache.catalina.core.StandardEngine-Starting Servlet engine: [Apache Tomcat/9.0.16]
2019-06-21 11:06:42.870 [restartedMain] INFO  org.apache.catalina.core.AprLifecycleListener-The APR based Apache Tomcat Native library which allows optimal performance in production environments was not found on the java.library.path: [C:\Program Files\Java\jdk1.8.0_161\bin;C:\Windows\Sun\Java\bin;C:\Windows\system32;C:\Windows;C:/Program Files/Java/jre1.8.0_161/bin/server;C:/Program Files/Java/jre1.8.0_161/bin;C:/Program Files/Java/jre1.8.0_161/lib/amd64;C:\Program Files (x86)\Common Files\NetSarang;C:\ProgramData\Oracle\Java\javapath;C:\Windows\system32;C:\Windows;C:\Windows\System32\Wbem;C:\Windows\System32\WindowsPowerShell\v1.0\;D:\wamp\bin\php\php5.5.12;C:\Program Files\Java\jdk1.8.0_161\bin;C:\Program Files\Java\jdk1.8.0_161\jre\bin;D:\Program Files\OpenVPN\bin;d:\Program Files\Microsoft VS Code\bin;C:\Program Files\nodejs\;C:\Python27;C:\Python27\Scripts;C:\Python27\Tools\Scripts;;C:\Program Files\Docker Toolbox;C:\Users\Ervin\AppData\Roaming\npm;C:\Users\Ervin\AppData\Local\Android\Sdk\tools;C:\Users\Ervin\AppData\Local\Android\Sdk\platform-tools;C:\Users\Ervin\AppData\Local\Android\Sdk\build-tools\28.0.0;;C:\Users\Ervin\Desktop;;.]
2019-06-21 11:06:43.061 [restartedMain] INFO  o.a.c.c.C.[Tomcat].[localhost].[/consumer]-Initializing Spring embedded WebApplicationContext
2019-06-21 11:06:43.062 [restartedMain] INFO  org.springframework.web.context.ContextLoader-Root WebApplicationContext: initialization completed in 3457 ms
2019-06-21 11:06:43.216 [restartedMain] WARN  com.netflix.config.sources.URLConfigurationSource-No URLs will be polled as dynamic configuration sources.
2019-06-21 11:06:43.216 [restartedMain] INFO  com.netflix.config.sources.URLConfigurationSource-To enable URLs as dynamic configuration sources, define System property archaius.configurationSource.additionalUrls or make config.properties available on classpath.
2019-06-21 11:06:43.238 [restartedMain] INFO  com.netflix.config.DynamicPropertyFactory-DynamicPropertyFactory is initialized with configuration sources: com.netflix.config.ConcurrentCompositeConfiguration@79249c6f
2019-06-21 11:06:45.049 [restartedMain] WARN  o.s.b.d.autoconfigure.OptionalLiveReloadServer-Unable to start LiveReload server
2019-06-21 11:06:46.540 [restartedMain] INFO  o.s.b.actuate.endpoint.web.EndpointLinksResolver-Exposing 2 endpoint(s) beneath base path '/actuator'
2019-06-21 11:06:48.004 [restartedMain] INFO  s.d.s.w.PropertySourcedRequestMappingHandlerMapping-Mapped URL path [/v2/api-docs] onto method [public org.springframework.http.ResponseEntity<springfox.documentation.spring.web.json.Json> springfox.documentation.swagger2.web.Swagger2Controller.getDocumentation(java.lang.String,javax.servlet.http.HttpServletRequest)]
2019-06-21 11:06:48.031 [restartedMain] WARN  com.netflix.config.sources.URLConfigurationSource-No URLs will be polled as dynamic configuration sources.
2019-06-21 11:06:48.032 [restartedMain] INFO  com.netflix.config.sources.URLConfigurationSource-To enable URLs as dynamic configuration sources, define System property archaius.configurationSource.additionalUrls or make config.properties available on classpath.
2019-06-21 11:06:48.198 [restartedMain] INFO  o.s.scheduling.concurrent.ThreadPoolTaskExecutor-Initializing ExecutorService 'applicationTaskExecutor'
2019-06-21 11:06:48.841 [restartedMain] INFO  o.s.cloud.netflix.eureka.InstanceInfoFactory-Setting initial instance status as: STARTING
2019-06-21 11:06:48.893 [restartedMain] INFO  com.netflix.discovery.DiscoveryClient-Initializing Eureka in region us-east-1
2019-06-21 11:06:49.383 [restartedMain] INFO  c.n.discovery.provider.DiscoveryJerseyProvider-Using JSON encoding codec LegacyJacksonJson
2019-06-21 11:06:49.383 [restartedMain] INFO  c.n.discovery.provider.DiscoveryJerseyProvider-Using JSON decoding codec LegacyJacksonJson
2019-06-21 11:06:49.534 [restartedMain] INFO  c.n.discovery.provider.DiscoveryJerseyProvider-Using XML encoding codec XStreamXml
2019-06-21 11:06:49.534 [restartedMain] INFO  c.n.discovery.provider.DiscoveryJerseyProvider-Using XML decoding codec XStreamXml
2019-06-21 11:06:50.254 [restartedMain] INFO  c.n.d.shared.resolver.aws.ConfigClusterResolver-Resolving eureka endpoints via configuration
2019-06-21 11:06:50.533 [restartedMain] INFO  com.netflix.discovery.DiscoveryClient-Disable delta property : false
2019-06-21 11:06:50.533 [restartedMain] INFO  com.netflix.discovery.DiscoveryClient-Single vip registry refresh property : null
2019-06-21 11:06:50.533 [restartedMain] INFO  com.netflix.discovery.DiscoveryClient-Force full registry fetch : false
2019-06-21 11:06:50.533 [restartedMain] INFO  com.netflix.discovery.DiscoveryClient-Application is null : false
2019-06-21 11:06:50.533 [restartedMain] INFO  com.netflix.discovery.DiscoveryClient-Registered Applications size is zero : true
2019-06-21 11:06:50.533 [restartedMain] INFO  com.netflix.discovery.DiscoveryClient-Application version is -1: true
2019-06-21 11:06:50.533 [restartedMain] INFO  com.netflix.discovery.DiscoveryClient-Getting all instance registry info from the eureka server
2019-06-21 11:06:50.826 [restartedMain] INFO  com.netflix.discovery.DiscoveryClient-The response status is 200
2019-06-21 11:06:50.829 [restartedMain] INFO  com.netflix.discovery.DiscoveryClient-Starting heartbeat executor: renew interval is: 10
2019-06-21 11:06:50.833 [restartedMain] INFO  com.netflix.discovery.InstanceInfoReplicator-InstanceInfoReplicator onDemand update allowed rate per min is 4
2019-06-21 11:06:50.838 [restartedMain] INFO  com.netflix.discovery.DiscoveryClient-Discovery Client initialized at timestamp 1561086410836 with initial instances count: 2
2019-06-21 11:06:50.839 [restartedMain] INFO  o.s.c.n.e.serviceregistry.EurekaServiceRegistry-Registering application server-consumer with eureka with status UP
2019-06-21 11:06:50.840 [restartedMain] INFO  com.netflix.discovery.DiscoveryClient-Saw local status change event StatusChangeEvent [timestamp=1561086410840, current=UP, previous=STARTING]
2019-06-21 11:06:50.843 [DiscoveryClient-InstanceInfoReplicator-0] INFO  com.netflix.discovery.DiscoveryClient-DiscoveryClient_SERVER-CONSUMER/server-consumer: registering service...
2019-06-21 11:06:50.851 [restartedMain] INFO  s.d.s.web.plugins.DocumentationPluginsBootstrapper-Context refreshed
2019-06-21 11:06:50.910 [DiscoveryClient-InstanceInfoReplicator-0] INFO  com.netflix.discovery.DiscoveryClient-DiscoveryClient_SERVER-CONSUMER/server-consumer - registration status: 204
2019-06-21 11:06:50.927 [restartedMain] INFO  s.d.s.web.plugins.DocumentationPluginsBootstrapper-Found 1 custom documentation plugin(s)
2019-06-21 11:06:51.007 [restartedMain] INFO  s.d.spring.web.scanners.ApiListingReferenceScanner-Scanning for api listing references
2019-06-21 11:06:51.303 [restartedMain] INFO  org.apache.coyote.http11.Http11NioProtocol-Starting ProtocolHandler ["http-nio-8084"]
2019-06-21 11:06:51.350 [restartedMain] INFO  o.s.boot.web.embedded.tomcat.TomcatWebServer-Tomcat started on port(s): 8084 (http) with context path '/consumer'
2019-06-21 11:06:51.353 [restartedMain] INFO  demo.eureka.com.eu.ConsumerApp-Started ConsumerApp in 13.925 seconds (JVM running for 14.554)
2019-06-21 11:11:50.559 [AsyncResolver-bootstrap-executor-0] INFO  c.n.d.shared.resolver.aws.ConfigClusterResolver-Resolving eureka endpoints via configuration
2019-06-21 11:12:18.437 [http-nio-8084-exec-6] INFO  o.a.c.c.C.[Tomcat].[localhost].[/consumer]-Initializing Spring DispatcherServlet 'dispatcherServlet'
2019-06-21 11:12:18.437 [http-nio-8084-exec-6] INFO  org.springframework.web.servlet.DispatcherServlet-Initializing Servlet 'dispatcherServlet'
2019-06-21 11:12:18.450 [http-nio-8084-exec-6] INFO  org.springframework.web.servlet.DispatcherServlet-Completed initialization in 13 ms
2019-06-21 11:12:18.830 [http-nio-8084-exec-6] INFO  com.netflix.config.ChainedDynamicProperty-Flipping property: server-producer.ribbon.ActiveConnectionsLimit to use NEXT property: niws.loadbalancer.availabilityFilteringRule.activeConnectionsLimit = 2147483647
2019-06-21 11:12:18.845 [http-nio-8084-exec-6] INFO  com.netflix.util.concurrent.ShutdownEnabledTimer-Shutdown hook installed for: NFLoadBalancer-PingTimer-server-producer
2019-06-21 11:12:18.852 [http-nio-8084-exec-6] INFO  com.netflix.loadbalancer.BaseLoadBalancer-Client: server-producer instantiated a LoadBalancer: DynamicServerListLoadBalancer:{NFLoadBalancer:name=server-producer,current list of Servers=[],Load balancer stats=Zone stats: {},Server stats: []}ServerList:null
2019-06-21 11:12:18.871 [http-nio-8084-exec-6] INFO  c.n.loadbalancer.DynamicServerListLoadBalancer-Using serverListUpdater PollingServerListUpdater
2019-06-21 11:12:18.898 [http-nio-8084-exec-6] INFO  com.netflix.config.ChainedDynamicProperty-Flipping property: server-producer.ribbon.ActiveConnectionsLimit to use NEXT property: niws.loadbalancer.availabilityFilteringRule.activeConnectionsLimit = 2147483647
2019-06-21 11:12:18.900 [http-nio-8084-exec-6] INFO  c.n.loadbalancer.DynamicServerListLoadBalancer-DynamicServerListLoadBalancer for client server-producer initialized: DynamicServerListLoadBalancer:{NFLoadBalancer:name=server-producer,current list of Servers=[127.0.0.1:8083],Load balancer stats=Zone stats: {defaultzone=[Zone:defaultzone;	Instance count:1;	Active connections count: 0;	Circuit breaker tripped count: 0;	Active connections per server: 0.0;]
},Server stats: [[Server:127.0.0.1:8083;	Zone:defaultZone;	Total Requests:0;	Successive connection failure:0;	Total blackout seconds:0;	Last connection made:Thu Jan 01 08:00:00 CST 1970;	First connection made: Thu Jan 01 08:00:00 CST 1970;	Active Connections:0;	total failure count in last (1000) msecs:0;	average resp time:0.0;	90 percentile resp time:0.0;	95 percentile resp time:0.0;	min resp time:0.0;	max resp time:0.0;	stddev resp time:0.0]
]}ServerList:org.springframework.cloud.netflix.ribbon.eureka.DomainExtractingServerList@794e4c99
2019-06-21 11:12:19.878 [PollingServerListUpdater-0] INFO  com.netflix.config.ChainedDynamicProperty-Flipping property: server-producer.ribbon.ActiveConnectionsLimit to use NEXT property: niws.loadbalancer.availabilityFilteringRule.activeConnectionsLimit = 2147483647
2019-06-21 11:16:50.583 [AsyncResolver-bootstrap-executor-0] INFO  c.n.d.shared.resolver.aws.ConfigClusterResolver-Resolving eureka endpoints via configuration
2019-06-21 11:21:50.608 [AsyncResolver-bootstrap-executor-0] INFO  c.n.d.shared.resolver.aws.ConfigClusterResolver-Resolving eureka endpoints via configuration
2019-06-21 11:26:50.635 [AsyncResolver-bootstrap-executor-0] INFO  c.n.d.shared.resolver.aws.ConfigClusterResolver-Resolving eureka endpoints via configuration
