2019-05-24 16:19:35.670 [restartedMain] INFO  o.s.b.d.env.DevToolsPropertyDefaultsPostProcessor-Devtools property defaults active! Set 'spring.devtools.add-properties' to 'false' to disable
2019-05-24 16:44:00.120 [restartedMain] INFO  demo.eureka.com.eu.WebApp-Starting WebApp on Ervin-PC with PID 8784 (D:\work\springboot-web\target\classes started by Ervin in D:\work\springboot-web)
2019-05-24 16:44:00.124 [restartedMain] INFO  demo.eureka.com.eu.WebApp-No active profile set, falling back to default profiles: default
2019-05-24 16:44:00.293 [restartedMain] INFO  o.s.b.d.env.DevToolsPropertyDefaultsPostProcessor-Devtools property defaults active! Set 'spring.devtools.add-properties' to 'false' to disable
2019-05-24 16:44:00.294 [restartedMain] INFO  o.s.b.d.env.DevToolsPropertyDefaultsPostProcessor-For additional web related logging consider setting the 'logging.level.web' property to 'DEBUG'
2019-05-24 16:44:03.027 [restartedMain] INFO  o.s.boot.web.embedded.tomcat.TomcatWebServer-Tomcat initialized with port(s): 8084 (http)
2019-05-24 16:44:03.049 [restartedMain] INFO  org.apache.coyote.http11.Http11NioProtocol-Initializing ProtocolHandler ["http-nio-8084"]
2019-05-24 16:44:03.060 [restartedMain] INFO  org.apache.catalina.core.StandardService-Starting service [Tomcat]
2019-05-24 16:44:03.060 [restartedMain] INFO  org.apache.catalina.core.StandardEngine-Starting Servlet engine: [Apache Tomcat/9.0.16]
2019-05-24 16:44:03.073 [restartedMain] INFO  org.apache.catalina.core.AprLifecycleListener-The APR based Apache Tomcat Native library which allows optimal performance in production environments was not found on the java.library.path: [C:\Program Files\Java\jdk1.8.0_161\bin;C:\Windows\Sun\Java\bin;C:\Windows\system32;C:\Windows;C:/Program Files/Java/jre1.8.0_161/bin/server;C:/Program Files/Java/jre1.8.0_161/bin;C:/Program Files/Java/jre1.8.0_161/lib/amd64;C:\Program Files (x86)\Common Files\NetSarang;C:\ProgramData\Oracle\Java\javapath;C:\Windows\system32;C:\Windows;C:\Windows\System32\Wbem;C:\Windows\System32\WindowsPowerShell\v1.0\;D:\wamp\bin\php\php5.5.12;C:\Program Files\Java\jdk1.8.0_161\bin;C:\Program Files\Java\jdk1.8.0_161\jre\bin;D:\Program Files\OpenVPN\bin;d:\Program Files\Microsoft VS Code\bin;C:\Program Files\nodejs\;C:\Python27;C:\Python27\Scripts;C:\Python27\Tools\Scripts;;C:\Program Files\Docker Toolbox;C:\Users\Ervin\AppData\Roaming\npm;C:\Users\Ervin\AppData\Local\Android\Sdk\tools;C:\Users\Ervin\AppData\Local\Android\Sdk\platform-tools;C:\Users\Ervin\AppData\Local\Android\Sdk\build-tools\28.0.0;;C:\Users\Ervin\Desktop;;.]
2019-05-24 16:44:03.302 [restartedMain] INFO  o.a.c.core.ContainerBase.[Tomcat].[localhost].[/]-Initializing Spring embedded WebApplicationContext
2019-05-24 16:44:03.305 [restartedMain] INFO  org.springframework.web.context.ContextLoader-Root WebApplicationContext: initialization completed in 3011 ms
2019-05-24 16:44:04.309 [restartedMain] INFO  o.s.b.actuate.endpoint.web.EndpointLinksResolver-Exposing 2 endpoint(s) beneath base path '/actuator'
2019-05-24 16:44:04.498 [restartedMain] INFO  o.s.b.d.autoconfigure.OptionalLiveReloadServer-LiveReload server is running on port 35729
2019-05-24 16:44:04.597 [restartedMain] INFO  s.d.s.w.PropertySourcedRequestMappingHandlerMapping-Mapped URL path [/v2/api-docs] onto method [public org.springframework.http.ResponseEntity<springfox.documentation.spring.web.json.Json> springfox.documentation.swagger2.web.Swagger2Controller.getDocumentation(java.lang.String,javax.servlet.http.HttpServletRequest)]
2019-05-24 16:44:04.905 [restartedMain] INFO  s.d.s.web.plugins.DocumentationPluginsBootstrapper-Context refreshed
2019-05-24 16:44:05.020 [restartedMain] INFO  s.d.s.web.plugins.DocumentationPluginsBootstrapper-Found 1 custom documentation plugin(s)
2019-05-24 16:44:05.069 [restartedMain] INFO  s.d.spring.web.scanners.ApiListingReferenceScanner-Scanning for api listing references
2019-05-24 16:44:05.251 [restartedMain] INFO  org.apache.coyote.http11.Http11NioProtocol-Starting ProtocolHandler ["http-nio-8084"]
2019-05-24 16:44:05.288 [restartedMain] INFO  o.s.boot.web.embedded.tomcat.TomcatWebServer-Tomcat started on port(s): 8084 (http) with context path ''
2019-05-24 16:44:05.293 [restartedMain] INFO  demo.eureka.com.eu.WebApp-Started WebApp in 5.866 seconds (JVM running for 6.377)
2019-05-24 16:44:40.341 [http-nio-8084-exec-2] INFO  o.a.c.core.ContainerBase.[Tomcat].[localhost].[/]-Initializing Spring DispatcherServlet 'dispatcherServlet'
2019-05-24 16:44:40.342 [http-nio-8084-exec-2] INFO  org.springframework.web.servlet.DispatcherServlet-Initializing Servlet 'dispatcherServlet'
2019-05-24 16:44:40.369 [http-nio-8084-exec-2] INFO  org.springframework.web.servlet.DispatcherServlet-Completed initialization in 27 ms
2019-05-24 16:45:39.969 [restartedMain] INFO  demo.eureka.com.eu.WebApp-Starting WebApp on Ervin-PC with PID 8784 (D:\work\springboot-web\target\classes started by Ervin in D:\work\springboot-web)
2019-05-24 16:45:39.971 [restartedMain] INFO  demo.eureka.com.eu.WebApp-No active profile set, falling back to default profiles: default
2019-05-24 16:45:40.699 [restartedMain] INFO  o.s.boot.web.embedded.tomcat.TomcatWebServer-Tomcat initialized with port(s): 8084 (http)
2019-05-24 16:45:40.702 [restartedMain] INFO  org.apache.coyote.http11.Http11NioProtocol-Initializing ProtocolHandler ["http-nio-8084"]
2019-05-24 16:45:40.703 [restartedMain] INFO  org.apache.catalina.core.StandardService-Starting service [Tomcat]
2019-05-24 16:45:40.703 [restartedMain] INFO  org.apache.catalina.core.StandardEngine-Starting Servlet engine: [Apache Tomcat/9.0.16]
2019-05-24 16:45:40.724 [restartedMain] INFO  o.a.c.core.ContainerBase.[Tomcat].[localhost].[/]-Initializing Spring embedded WebApplicationContext
2019-05-24 16:45:40.724 [restartedMain] INFO  org.springframework.web.context.ContextLoader-Root WebApplicationContext: initialization completed in 749 ms
2019-05-24 16:45:41.000 [restartedMain] INFO  o.s.b.actuate.endpoint.web.EndpointLinksResolver-Exposing 2 endpoint(s) beneath base path '/actuator'
2019-05-24 16:45:41.055 [restartedMain] INFO  o.s.b.d.autoconfigure.OptionalLiveReloadServer-LiveReload server is running on port 35729
2019-05-24 16:45:41.075 [restartedMain] INFO  s.d.s.w.PropertySourcedRequestMappingHandlerMapping-Mapped URL path [/v2/api-docs] onto method [public org.springframework.http.ResponseEntity<springfox.documentation.spring.web.json.Json> springfox.documentation.swagger2.web.Swagger2Controller.getDocumentation(java.lang.String,javax.servlet.http.HttpServletRequest)]
2019-05-24 16:45:41.183 [restartedMain] INFO  s.d.s.web.plugins.DocumentationPluginsBootstrapper-Context refreshed
2019-05-24 16:45:41.185 [restartedMain] INFO  s.d.s.web.plugins.DocumentationPluginsBootstrapper-Found 1 custom documentation plugin(s)
2019-05-24 16:45:41.191 [restartedMain] INFO  s.d.spring.web.scanners.ApiListingReferenceScanner-Scanning for api listing references
2019-05-24 16:45:41.229 [restartedMain] INFO  org.apache.coyote.http11.Http11NioProtocol-Starting ProtocolHandler ["http-nio-8084"]
2019-05-24 16:45:41.239 [restartedMain] INFO  o.s.boot.web.embedded.tomcat.TomcatWebServer-Tomcat started on port(s): 8084 (http) with context path ''
2019-05-24 16:45:41.239 [restartedMain] INFO  demo.eureka.com.eu.WebApp-Started WebApp in 1.314 seconds (JVM running for 102.321)
2019-05-24 16:45:41.245 [restartedMain] INFO  o.s.b.d.a.ConditionEvaluationDeltaLoggingListener-Condition evaluation unchanged
2019-05-24 16:45:50.055 [http-nio-8084-exec-1] INFO  o.a.c.core.ContainerBase.[Tomcat].[localhost].[/]-Initializing Spring DispatcherServlet 'dispatcherServlet'
2019-05-24 16:45:50.057 [http-nio-8084-exec-1] INFO  org.springframework.web.servlet.DispatcherServlet-Initializing Servlet 'dispatcherServlet'
2019-05-24 16:45:50.062 [http-nio-8084-exec-1] INFO  org.springframework.web.servlet.DispatcherServlet-Completed initialization in 5 ms
2019-05-24 16:47:34.387 [restartedMain] INFO  demo.eureka.com.eu.WebApp-Starting WebApp on Ervin-PC with PID 8784 (D:\work\springboot-web\target\classes started by Ervin in D:\work\springboot-web)
2019-05-24 16:47:34.387 [restartedMain] INFO  demo.eureka.com.eu.WebApp-No active profile set, falling back to default profiles: default
2019-05-24 16:47:35.008 [restartedMain] INFO  o.s.boot.web.embedded.tomcat.TomcatWebServer-Tomcat initialized with port(s): 8084 (http)
2019-05-24 16:47:35.010 [restartedMain] INFO  org.apache.coyote.http11.Http11NioProtocol-Initializing ProtocolHandler ["http-nio-8084"]
2019-05-24 16:47:35.010 [restartedMain] INFO  org.apache.catalina.core.StandardService-Starting service [Tomcat]
2019-05-24 16:47:35.010 [restartedMain] INFO  org.apache.catalina.core.StandardEngine-Starting Servlet engine: [Apache Tomcat/9.0.16]
2019-05-24 16:47:35.033 [restartedMain] INFO  o.a.c.core.ContainerBase.[Tomcat].[localhost].[/]-Initializing Spring embedded WebApplicationContext
2019-05-24 16:47:35.034 [restartedMain] INFO  org.springframework.web.context.ContextLoader-Root WebApplicationContext: initialization completed in 644 ms
2019-05-24 16:47:35.292 [restartedMain] INFO  o.s.b.actuate.endpoint.web.EndpointLinksResolver-Exposing 2 endpoint(s) beneath base path '/actuator'
2019-05-24 16:47:35.344 [restartedMain] INFO  o.s.b.d.autoconfigure.OptionalLiveReloadServer-LiveReload server is running on port 35729
2019-05-24 16:47:35.362 [restartedMain] INFO  s.d.s.w.PropertySourcedRequestMappingHandlerMapping-Mapped URL path [/v2/api-docs] onto method [public org.springframework.http.ResponseEntity<springfox.documentation.spring.web.json.Json> springfox.documentation.swagger2.web.Swagger2Controller.getDocumentation(java.lang.String,javax.servlet.http.HttpServletRequest)]
2019-05-24 16:47:35.500 [restartedMain] INFO  s.d.s.web.plugins.DocumentationPluginsBootstrapper-Context refreshed
2019-05-24 16:47:35.501 [restartedMain] INFO  s.d.s.web.plugins.DocumentationPluginsBootstrapper-Found 1 custom documentation plugin(s)
2019-05-24 16:47:35.508 [restartedMain] INFO  s.d.spring.web.scanners.ApiListingReferenceScanner-Scanning for api listing references
2019-05-24 16:47:35.549 [restartedMain] INFO  org.apache.coyote.http11.Http11NioProtocol-Starting ProtocolHandler ["http-nio-8084"]
2019-05-24 16:47:35.568 [restartedMain] INFO  o.s.boot.web.embedded.tomcat.TomcatWebServer-Tomcat started on port(s): 8084 (http) with context path ''
2019-05-24 16:47:35.569 [restartedMain] INFO  demo.eureka.com.eu.WebApp-Started WebApp in 1.222 seconds (JVM running for 216.649)
2019-05-24 16:47:35.576 [restartedMain] INFO  o.s.b.d.a.ConditionEvaluationDeltaLoggingListener-Condition evaluation unchanged
2019-05-24 16:47:47.961 [http-nio-8084-exec-1] INFO  o.a.c.core.ContainerBase.[Tomcat].[localhost].[/]-Initializing Spring DispatcherServlet 'dispatcherServlet'
2019-05-24 16:47:47.963 [http-nio-8084-exec-1] INFO  org.springframework.web.servlet.DispatcherServlet-Initializing Servlet 'dispatcherServlet'
2019-05-24 16:47:47.983 [http-nio-8084-exec-1] INFO  org.springframework.web.servlet.DispatcherServlet-Completed initialization in 17 ms
2019-05-24 16:47:47.991 [http-nio-8084-exec-1] INFO  demo.eureka.com.eu.myinterceptor.LoginInterceptor-开始自定义拦截器:demo.eureka.com.eu.myinterceptor.LoginInterceptor
2019-05-24 16:48:25.506 [restartedMain] INFO  demo.eureka.com.eu.WebApp-Starting WebApp on Ervin-PC with PID 8784 (D:\work\springboot-web\target\classes started by Ervin in D:\work\springboot-web)
2019-05-24 16:48:25.507 [restartedMain] INFO  demo.eureka.com.eu.WebApp-No active profile set, falling back to default profiles: default
2019-05-24 16:48:26.084 [restartedMain] INFO  o.s.boot.web.embedded.tomcat.TomcatWebServer-Tomcat initialized with port(s): 8084 (http)
2019-05-24 16:48:26.086 [restartedMain] INFO  org.apache.coyote.http11.Http11NioProtocol-Initializing ProtocolHandler ["http-nio-8084"]
2019-05-24 16:48:26.086 [restartedMain] INFO  org.apache.catalina.core.StandardService-Starting service [Tomcat]
2019-05-24 16:48:26.086 [restartedMain] INFO  org.apache.catalina.core.StandardEngine-Starting Servlet engine: [Apache Tomcat/9.0.16]
2019-05-24 16:48:26.102 [restartedMain] INFO  o.a.c.core.ContainerBase.[Tomcat].[localhost].[/]-Initializing Spring embedded WebApplicationContext
2019-05-24 16:48:26.105 [restartedMain] INFO  org.springframework.web.context.ContextLoader-Root WebApplicationContext: initialization completed in 595 ms
2019-05-24 16:48:26.334 [restartedMain] INFO  o.s.b.actuate.endpoint.web.EndpointLinksResolver-Exposing 2 endpoint(s) beneath base path '/actuator'
2019-05-24 16:48:26.380 [restartedMain] INFO  o.s.b.d.autoconfigure.OptionalLiveReloadServer-LiveReload server is running on port 35729
2019-05-24 16:48:26.396 [restartedMain] INFO  s.d.s.w.PropertySourcedRequestMappingHandlerMapping-Mapped URL path [/v2/api-docs] onto method [public org.springframework.http.ResponseEntity<springfox.documentation.spring.web.json.Json> springfox.documentation.swagger2.web.Swagger2Controller.getDocumentation(java.lang.String,javax.servlet.http.HttpServletRequest)]
2019-05-24 16:48:26.488 [restartedMain] INFO  s.d.s.web.plugins.DocumentationPluginsBootstrapper-Context refreshed
2019-05-24 16:48:26.490 [restartedMain] INFO  s.d.s.web.plugins.DocumentationPluginsBootstrapper-Found 1 custom documentation plugin(s)
2019-05-24 16:48:26.496 [restartedMain] INFO  s.d.spring.web.scanners.ApiListingReferenceScanner-Scanning for api listing references
2019-05-24 16:48:26.523 [restartedMain] INFO  org.apache.coyote.http11.Http11NioProtocol-Starting ProtocolHandler ["http-nio-8084"]
2019-05-24 16:48:26.532 [restartedMain] INFO  o.s.boot.web.embedded.tomcat.TomcatWebServer-Tomcat started on port(s): 8084 (http) with context path ''
2019-05-24 16:48:26.533 [restartedMain] INFO  demo.eureka.com.eu.WebApp-Started WebApp in 1.056 seconds (JVM running for 267.613)
2019-05-24 16:48:26.538 [restartedMain] INFO  o.s.b.d.a.ConditionEvaluationDeltaLoggingListener-Condition evaluation unchanged
2019-05-24 16:48:32.992 [http-nio-8084-exec-1] INFO  o.a.c.core.ContainerBase.[Tomcat].[localhost].[/]-Initializing Spring DispatcherServlet 'dispatcherServlet'
2019-05-24 16:48:32.993 [http-nio-8084-exec-1] INFO  org.springframework.web.servlet.DispatcherServlet-Initializing Servlet 'dispatcherServlet'
2019-05-24 16:48:33.002 [http-nio-8084-exec-1] INFO  org.springframework.web.servlet.DispatcherServlet-Completed initialization in 9 ms
2019-05-24 16:48:33.006 [http-nio-8084-exec-1] INFO  demo.eureka.com.eu.myinterceptor.LoginInterceptor-开始自定义拦截器:demo.eureka.com.eu.myinterceptor.LoginInterceptor
2019-05-24 16:48:48.976 [http-nio-8084-exec-2] INFO  demo.eureka.com.eu.myinterceptor.LoginInterceptor-开始自定义拦截器:demo.eureka.com.eu.myinterceptor.LoginInterceptor
2019-05-24 16:49:19.472 [restartedMain] INFO  demo.eureka.com.eu.WebApp-Starting WebApp on Ervin-PC with PID 8784 (D:\work\springboot-web\target\classes started by Ervin in D:\work\springboot-web)
2019-05-24 16:49:19.472 [restartedMain] INFO  demo.eureka.com.eu.WebApp-No active profile set, falling back to default profiles: default
2019-05-24 16:49:20.050 [restartedMain] INFO  o.s.boot.web.embedded.tomcat.TomcatWebServer-Tomcat initialized with port(s): 8084 (http)
2019-05-24 16:49:20.052 [restartedMain] INFO  org.apache.coyote.http11.Http11NioProtocol-Initializing ProtocolHandler ["http-nio-8084"]
2019-05-24 16:49:20.052 [restartedMain] INFO  org.apache.catalina.core.StandardService-Starting service [Tomcat]
2019-05-24 16:49:20.053 [restartedMain] INFO  org.apache.catalina.core.StandardEngine-Starting Servlet engine: [Apache Tomcat/9.0.16]
2019-05-24 16:49:20.066 [restartedMain] INFO  o.a.c.core.ContainerBase.[Tomcat].[localhost].[/]-Initializing Spring embedded WebApplicationContext
2019-05-24 16:49:20.068 [restartedMain] INFO  org.springframework.web.context.ContextLoader-Root WebApplicationContext: initialization completed in 593 ms
2019-05-24 16:49:20.281 [restartedMain] INFO  o.s.b.actuate.endpoint.web.EndpointLinksResolver-Exposing 2 endpoint(s) beneath base path '/actuator'
2019-05-24 16:49:20.316 [restartedMain] INFO  o.s.b.d.autoconfigure.OptionalLiveReloadServer-LiveReload server is running on port 35729
2019-05-24 16:49:20.330 [restartedMain] INFO  s.d.s.w.PropertySourcedRequestMappingHandlerMapping-Mapped URL path [/v2/api-docs] onto method [public org.springframework.http.ResponseEntity<springfox.documentation.spring.web.json.Json> springfox.documentation.swagger2.web.Swagger2Controller.getDocumentation(java.lang.String,javax.servlet.http.HttpServletRequest)]
2019-05-24 16:49:20.420 [restartedMain] INFO  s.d.s.web.plugins.DocumentationPluginsBootstrapper-Context refreshed
2019-05-24 16:49:20.422 [restartedMain] INFO  s.d.s.web.plugins.DocumentationPluginsBootstrapper-Found 1 custom documentation plugin(s)
2019-05-24 16:49:20.426 [restartedMain] INFO  s.d.spring.web.scanners.ApiListingReferenceScanner-Scanning for api listing references
2019-05-24 16:49:20.452 [restartedMain] INFO  org.apache.coyote.http11.Http11NioProtocol-Starting ProtocolHandler ["http-nio-8084"]
2019-05-24 16:49:20.463 [restartedMain] INFO  o.s.boot.web.embedded.tomcat.TomcatWebServer-Tomcat started on port(s): 8084 (http) with context path ''
2019-05-24 16:49:20.464 [restartedMain] INFO  demo.eureka.com.eu.WebApp-Started WebApp in 1.019 seconds (JVM running for 321.542)
2019-05-24 16:49:20.468 [restartedMain] INFO  o.s.b.d.a.ConditionEvaluationDeltaLoggingListener-Condition evaluation unchanged
2019-05-24 16:50:53.443 [restartedMain] INFO  demo.eureka.com.eu.WebApp-Starting WebApp on Ervin-PC with PID 8784 (D:\work\springboot-web\target\classes started by Ervin in D:\work\springboot-web)
2019-05-24 16:50:53.443 [restartedMain] INFO  demo.eureka.com.eu.WebApp-No active profile set, falling back to default profiles: default
2019-05-24 16:50:54.000 [restartedMain] INFO  o.s.boot.web.embedded.tomcat.TomcatWebServer-Tomcat initialized with port(s): 8084 (http)
2019-05-24 16:50:54.002 [restartedMain] INFO  org.apache.coyote.http11.Http11NioProtocol-Initializing ProtocolHandler ["http-nio-8084"]
2019-05-24 16:50:54.002 [restartedMain] INFO  org.apache.catalina.core.StandardService-Starting service [Tomcat]
2019-05-24 16:50:54.003 [restartedMain] INFO  org.apache.catalina.core.StandardEngine-Starting Servlet engine: [Apache Tomcat/9.0.16]
2019-05-24 16:50:54.016 [restartedMain] INFO  o.a.c.core.ContainerBase.[Tomcat].[localhost].[/]-Initializing Spring embedded WebApplicationContext
2019-05-24 16:50:54.016 [restartedMain] INFO  org.springframework.web.context.ContextLoader-Root WebApplicationContext: initialization completed in 570 ms
2019-05-24 16:50:54.237 [restartedMain] INFO  o.s.b.actuate.endpoint.web.EndpointLinksResolver-Exposing 2 endpoint(s) beneath base path '/actuator'
2019-05-24 16:50:54.281 [restartedMain] INFO  o.s.b.d.autoconfigure.OptionalLiveReloadServer-LiveReload server is running on port 35729
2019-05-24 16:50:54.297 [restartedMain] INFO  s.d.s.w.PropertySourcedRequestMappingHandlerMapping-Mapped URL path [/v2/api-docs] onto method [public org.springframework.http.ResponseEntity<springfox.documentation.spring.web.json.Json> springfox.documentation.swagger2.web.Swagger2Controller.getDocumentation(java.lang.String,javax.servlet.http.HttpServletRequest)]
2019-05-24 16:50:54.381 [restartedMain] INFO  s.d.s.web.plugins.DocumentationPluginsBootstrapper-Context refreshed
2019-05-24 16:50:54.383 [restartedMain] INFO  s.d.s.web.plugins.DocumentationPluginsBootstrapper-Found 1 custom documentation plugin(s)
2019-05-24 16:50:54.388 [restartedMain] INFO  s.d.spring.web.scanners.ApiListingReferenceScanner-Scanning for api listing references
2019-05-24 16:50:54.414 [restartedMain] INFO  org.apache.coyote.http11.Http11NioProtocol-Starting ProtocolHandler ["http-nio-8084"]
2019-05-24 16:50:54.424 [restartedMain] INFO  o.s.boot.web.embedded.tomcat.TomcatWebServer-Tomcat started on port(s): 8084 (http) with context path ''
2019-05-24 16:50:54.425 [restartedMain] INFO  demo.eureka.com.eu.WebApp-Started WebApp in 1.008 seconds (JVM running for 415.502)
2019-05-24 16:50:54.430 [restartedMain] INFO  o.s.b.d.a.ConditionEvaluationDeltaLoggingListener-Condition evaluation unchanged
2019-05-24 16:51:06.443 [http-nio-8084-exec-1] INFO  o.a.c.core.ContainerBase.[Tomcat].[localhost].[/]-Initializing Spring DispatcherServlet 'dispatcherServlet'
2019-05-24 16:51:06.445 [http-nio-8084-exec-1] INFO  org.springframework.web.servlet.DispatcherServlet-Initializing Servlet 'dispatcherServlet'
2019-05-24 16:51:06.451 [http-nio-8084-exec-1] INFO  org.springframework.web.servlet.DispatcherServlet-Completed initialization in 6 ms
2019-05-24 16:51:06.464 [http-nio-8084-exec-1] INFO  demo.eureka.com.eu.myinterceptor.LoginInterceptor-开始自定义拦截器:demo.eureka.com.eu.myinterceptor.LoginInterceptor
2019-05-24 16:51:06.465 [http-nio-8084-exec-1] INFO  demo.eureka.com.eu.myinterceptor.LoginInterceptor-登录用户test
2019-05-24 16:51:06.465 [http-nio-8084-exec-1] INFO  demo.eureka.com.eu.myinterceptor.LoginInterceptor-用户密码123
2019-05-24 16:51:49.307 [http-nio-8084-exec-3] INFO  demo.eureka.com.eu.myinterceptor.LoginInterceptor-开始自定义拦截器:demo.eureka.com.eu.myinterceptor.LoginInterceptor
2019-05-24 16:51:49.307 [http-nio-8084-exec-3] INFO  demo.eureka.com.eu.myinterceptor.LoginInterceptor-登录用户test
2019-05-24 16:51:49.307 [http-nio-8084-exec-3] INFO  demo.eureka.com.eu.myinterceptor.LoginInterceptor-用户密码123
2019-05-24 16:53:25.820 [restartedMain] INFO  demo.eureka.com.eu.WebApp-Starting WebApp on Ervin-PC with PID 212 (D:\work\springboot-web\target\classes started by Ervin in D:\work\springboot-web)
2019-05-24 16:53:25.822 [restartedMain] INFO  demo.eureka.com.eu.WebApp-No active profile set, falling back to default profiles: default
2019-05-24 16:53:25.916 [restartedMain] INFO  o.s.b.d.env.DevToolsPropertyDefaultsPostProcessor-Devtools property defaults active! Set 'spring.devtools.add-properties' to 'false' to disable
2019-05-24 16:53:25.916 [restartedMain] INFO  o.s.b.d.env.DevToolsPropertyDefaultsPostProcessor-For additional web related logging consider setting the 'logging.level.web' property to 'DEBUG'
2019-05-24 16:53:29.189 [restartedMain] INFO  o.s.boot.web.embedded.tomcat.TomcatWebServer-Tomcat initialized with port(s): 8084 (http)
2019-05-24 16:53:29.212 [restartedMain] INFO  org.apache.coyote.http11.Http11NioProtocol-Initializing ProtocolHandler ["http-nio-8084"]
2019-05-24 16:53:29.229 [restartedMain] INFO  org.apache.catalina.core.StandardService-Starting service [Tomcat]
2019-05-24 16:53:29.229 [restartedMain] INFO  org.apache.catalina.core.StandardEngine-Starting Servlet engine: [Apache Tomcat/9.0.16]
2019-05-24 16:53:29.248 [restartedMain] INFO  org.apache.catalina.core.AprLifecycleListener-The APR based Apache Tomcat Native library which allows optimal performance in production environments was not found on the java.library.path: [C:\Program Files\Java\jdk1.8.0_161\bin;C:\Windows\Sun\Java\bin;C:\Windows\system32;C:\Windows;C:/Program Files/Java/jre1.8.0_161/bin/server;C:/Program Files/Java/jre1.8.0_161/bin;C:/Program Files/Java/jre1.8.0_161/lib/amd64;C:\Program Files (x86)\Common Files\NetSarang;C:\ProgramData\Oracle\Java\javapath;C:\Windows\system32;C:\Windows;C:\Windows\System32\Wbem;C:\Windows\System32\WindowsPowerShell\v1.0\;D:\wamp\bin\php\php5.5.12;C:\Program Files\Java\jdk1.8.0_161\bin;C:\Program Files\Java\jdk1.8.0_161\jre\bin;D:\Program Files\OpenVPN\bin;d:\Program Files\Microsoft VS Code\bin;C:\Program Files\nodejs\;C:\Python27;C:\Python27\Scripts;C:\Python27\Tools\Scripts;;C:\Program Files\Docker Toolbox;C:\Users\Ervin\AppData\Roaming\npm;C:\Users\Ervin\AppData\Local\Android\Sdk\tools;C:\Users\Ervin\AppData\Local\Android\Sdk\platform-tools;C:\Users\Ervin\AppData\Local\Android\Sdk\build-tools\28.0.0;;C:\Users\Ervin\Desktop;;.]
2019-05-24 16:53:29.489 [restartedMain] INFO  o.a.c.core.ContainerBase.[Tomcat].[localhost].[/]-Initializing Spring embedded WebApplicationContext
2019-05-24 16:53:29.489 [restartedMain] INFO  org.springframework.web.context.ContextLoader-Root WebApplicationContext: initialization completed in 3573 ms
2019-05-24 16:53:30.392 [restartedMain] INFO  o.s.b.actuate.endpoint.web.EndpointLinksResolver-Exposing 2 endpoint(s) beneath base path '/actuator'
2019-05-24 16:53:30.569 [restartedMain] INFO  o.s.b.d.autoconfigure.OptionalLiveReloadServer-LiveReload server is running on port 35729
2019-05-24 16:53:30.659 [restartedMain] INFO  s.d.s.w.PropertySourcedRequestMappingHandlerMapping-Mapped URL path [/v2/api-docs] onto method [public org.springframework.http.ResponseEntity<springfox.documentation.spring.web.json.Json> springfox.documentation.swagger2.web.Swagger2Controller.getDocumentation(java.lang.String,javax.servlet.http.HttpServletRequest)]
2019-05-24 16:53:30.972 [restartedMain] INFO  s.d.s.web.plugins.DocumentationPluginsBootstrapper-Context refreshed
2019-05-24 16:53:31.013 [restartedMain] INFO  s.d.s.web.plugins.DocumentationPluginsBootstrapper-Found 1 custom documentation plugin(s)
2019-05-24 16:53:31.056 [restartedMain] INFO  s.d.spring.web.scanners.ApiListingReferenceScanner-Scanning for api listing references
2019-05-24 16:53:31.264 [restartedMain] INFO  org.apache.coyote.http11.Http11NioProtocol-Starting ProtocolHandler ["http-nio-8084"]
2019-05-24 16:53:31.297 [restartedMain] INFO  o.s.boot.web.embedded.tomcat.TomcatWebServer-Tomcat started on port(s): 8084 (http) with context path ''
2019-05-24 16:53:31.300 [restartedMain] INFO  demo.eureka.com.eu.WebApp-Started WebApp in 6.091 seconds (JVM running for 6.575)
2019-05-24 16:53:45.468 [http-nio-8084-exec-1] INFO  o.a.c.core.ContainerBase.[Tomcat].[localhost].[/]-Initializing Spring DispatcherServlet 'dispatcherServlet'
2019-05-24 16:53:45.469 [http-nio-8084-exec-1] INFO  org.springframework.web.servlet.DispatcherServlet-Initializing Servlet 'dispatcherServlet'
2019-05-24 16:53:45.517 [http-nio-8084-exec-1] INFO  org.springframework.web.servlet.DispatcherServlet-Completed initialization in 48 ms
2019-05-24 16:53:45.545 [http-nio-8084-exec-1] INFO  demo.eureka.com.eu.myinterceptor.LoginInterceptor-开始自定义拦截器:demo.eureka.com.eu.myinterceptor.LoginInterceptor
2019-05-24 16:53:45.546 [http-nio-8084-exec-1] INFO  demo.eureka.com.eu.myinterceptor.LoginInterceptor-登录用户test
2019-05-24 16:53:45.546 [http-nio-8084-exec-1] INFO  demo.eureka.com.eu.myinterceptor.LoginInterceptor-用户密码123
2019-05-24 17:01:12.982 [restartedMain] INFO  demo.eureka.com.eu.WebApp-Starting WebApp on Ervin-PC with PID 212 (D:\work\springboot-web\target\classes started by Ervin in D:\work\springboot-web)
2019-05-24 17:01:12.983 [restartedMain] INFO  demo.eureka.com.eu.WebApp-No active profile set, falling back to default profiles: default
2019-05-24 17:01:13.690 [restartedMain] INFO  o.s.boot.web.embedded.tomcat.TomcatWebServer-Tomcat initialized with port(s): 8084 (http)
2019-05-24 17:01:13.694 [restartedMain] INFO  org.apache.coyote.http11.Http11NioProtocol-Initializing ProtocolHandler ["http-nio-8084"]
2019-05-24 17:01:13.696 [restartedMain] INFO  org.apache.catalina.core.StandardService-Starting service [Tomcat]
2019-05-24 17:01:13.697 [restartedMain] INFO  org.apache.catalina.core.StandardEngine-Starting Servlet engine: [Apache Tomcat/9.0.16]
2019-05-24 17:01:13.715 [restartedMain] INFO  o.a.c.core.ContainerBase.[Tomcat].[localhost].[/]-Initializing Spring embedded WebApplicationContext
2019-05-24 17:01:13.715 [restartedMain] INFO  org.springframework.web.context.ContextLoader-Root WebApplicationContext: initialization completed in 728 ms
2019-05-24 17:01:13.932 [restartedMain] INFO  demo.eureka.com.eu.myinterceptor.LoginInterceptor-=======开始加载自定义拦截器==========
2019-05-24 17:01:13.979 [restartedMain] INFO  o.s.b.actuate.endpoint.web.EndpointLinksResolver-Exposing 2 endpoint(s) beneath base path '/actuator'
2019-05-24 17:01:14.038 [restartedMain] INFO  o.s.b.d.autoconfigure.OptionalLiveReloadServer-LiveReload server is running on port 35729
2019-05-24 17:01:14.057 [restartedMain] INFO  s.d.s.w.PropertySourcedRequestMappingHandlerMapping-Mapped URL path [/v2/api-docs] onto method [public org.springframework.http.ResponseEntity<springfox.documentation.spring.web.json.Json> springfox.documentation.swagger2.web.Swagger2Controller.getDocumentation(java.lang.String,javax.servlet.http.HttpServletRequest)]
2019-05-24 17:01:14.180 [restartedMain] INFO  s.d.s.web.plugins.DocumentationPluginsBootstrapper-Context refreshed
2019-05-24 17:01:14.181 [restartedMain] INFO  s.d.s.web.plugins.DocumentationPluginsBootstrapper-Found 1 custom documentation plugin(s)
2019-05-24 17:01:14.187 [restartedMain] INFO  s.d.spring.web.scanners.ApiListingReferenceScanner-Scanning for api listing references
2019-05-24 17:01:14.226 [restartedMain] INFO  org.apache.coyote.http11.Http11NioProtocol-Starting ProtocolHandler ["http-nio-8084"]
2019-05-24 17:01:14.236 [restartedMain] INFO  o.s.boot.web.embedded.tomcat.TomcatWebServer-Tomcat started on port(s): 8084 (http) with context path ''
2019-05-24 17:01:14.236 [restartedMain] INFO  demo.eureka.com.eu.WebApp-Started WebApp in 1.297 seconds (JVM running for 469.501)
2019-05-24 17:01:14.243 [restartedMain] INFO  o.s.b.d.a.ConditionEvaluationDeltaLoggingListener-Condition evaluation unchanged
2019-05-24 17:02:04.266 [restartedMain] INFO  demo.eureka.com.eu.WebApp-Starting WebApp on Ervin-PC with PID 212 (D:\work\springboot-web\target\classes started by Ervin in D:\work\springboot-web)
2019-05-24 17:02:04.267 [restartedMain] INFO  demo.eureka.com.eu.WebApp-No active profile set, falling back to default profiles: default
2019-05-24 17:02:04.989 [restartedMain] INFO  o.s.boot.web.embedded.tomcat.TomcatWebServer-Tomcat initialized with port(s): 8084 (http)
2019-05-24 17:02:04.992 [restartedMain] INFO  org.apache.coyote.http11.Http11NioProtocol-Initializing ProtocolHandler ["http-nio-8084"]
2019-05-24 17:02:04.995 [restartedMain] INFO  org.apache.catalina.core.StandardService-Starting service [Tomcat]
2019-05-24 17:02:04.995 [restartedMain] INFO  org.apache.catalina.core.StandardEngine-Starting Servlet engine: [Apache Tomcat/9.0.16]
2019-05-24 17:02:05.012 [restartedMain] INFO  o.a.c.core.ContainerBase.[Tomcat].[localhost].[/]-Initializing Spring embedded WebApplicationContext
2019-05-24 17:02:05.012 [restartedMain] INFO  org.springframework.web.context.ContextLoader-Root WebApplicationContext: initialization completed in 741 ms
2019-05-24 17:02:05.235 [restartedMain] INFO  demo.eureka.com.eu.myinterceptor.LoginInterceptor-=======开始加载自定义拦截器==========
2019-05-24 17:02:05.285 [restartedMain] INFO  o.s.b.actuate.endpoint.web.EndpointLinksResolver-Exposing 2 endpoint(s) beneath base path '/actuator'
2019-05-24 17:02:05.348 [restartedMain] INFO  o.s.b.d.autoconfigure.OptionalLiveReloadServer-LiveReload server is running on port 35729
2019-05-24 17:02:05.375 [restartedMain] INFO  s.d.s.w.PropertySourcedRequestMappingHandlerMapping-Mapped URL path [/v2/api-docs] onto method [public org.springframework.http.ResponseEntity<springfox.documentation.spring.web.json.Json> springfox.documentation.swagger2.web.Swagger2Controller.getDocumentation(java.lang.String,javax.servlet.http.HttpServletRequest)]
2019-05-24 17:02:05.519 [restartedMain] INFO  s.d.s.web.plugins.DocumentationPluginsBootstrapper-Context refreshed
2019-05-24 17:02:05.521 [restartedMain] INFO  s.d.s.web.plugins.DocumentationPluginsBootstrapper-Found 1 custom documentation plugin(s)
2019-05-24 17:02:05.529 [restartedMain] INFO  s.d.spring.web.scanners.ApiListingReferenceScanner-Scanning for api listing references
2019-05-24 17:02:05.566 [restartedMain] INFO  org.apache.coyote.http11.Http11NioProtocol-Starting ProtocolHandler ["http-nio-8084"]
2019-05-24 17:02:05.577 [restartedMain] INFO  o.s.boot.web.embedded.tomcat.TomcatWebServer-Tomcat started on port(s): 8084 (http) with context path ''
2019-05-24 17:02:05.578 [restartedMain] INFO  demo.eureka.com.eu.WebApp-Started WebApp in 1.38 seconds (JVM running for 520.842)
2019-05-24 17:02:05.583 [restartedMain] INFO  o.s.b.d.a.ConditionEvaluationDeltaLoggingListener-Condition evaluation unchanged
2019-05-24 17:18:22.798 [restartedMain] INFO  demo.eureka.com.eu.WebApp-Starting WebApp on Ervin-PC with PID 212 (D:\work\springboot-web\target\classes started by Ervin in D:\work\springboot-web)
2019-05-24 17:18:22.798 [restartedMain] INFO  demo.eureka.com.eu.WebApp-No active profile set, falling back to default profiles: default
2019-05-24 17:18:23.347 [restartedMain] INFO  o.s.boot.web.embedded.tomcat.TomcatWebServer-Tomcat initialized with port(s): 8084 (http)
2019-05-24 17:18:23.349 [restartedMain] INFO  org.apache.coyote.http11.Http11NioProtocol-Initializing ProtocolHandler ["http-nio-8084"]
2019-05-24 17:18:23.350 [restartedMain] INFO  org.apache.catalina.core.StandardService-Starting service [Tomcat]
2019-05-24 17:18:23.350 [restartedMain] INFO  org.apache.catalina.core.StandardEngine-Starting Servlet engine: [Apache Tomcat/9.0.16]
2019-05-24 17:18:23.364 [restartedMain] INFO  o.a.c.core.ContainerBase.[Tomcat].[localhost].[/]-Initializing Spring embedded WebApplicationContext
2019-05-24 17:18:23.364 [restartedMain] INFO  org.springframework.web.context.ContextLoader-Root WebApplicationContext: initialization completed in 563 ms
2019-05-24 17:18:23.536 [restartedMain] INFO  demo.eureka.com.eu.myinterceptor.LoginInterceptor-=======开始加载自定义拦截器==========
2019-05-24 17:18:23.570 [restartedMain] INFO  o.s.b.actuate.endpoint.web.EndpointLinksResolver-Exposing 2 endpoint(s) beneath base path '/actuator'
2019-05-24 17:18:23.610 [restartedMain] INFO  o.s.b.d.autoconfigure.OptionalLiveReloadServer-LiveReload server is running on port 35729
2019-05-24 17:18:23.629 [restartedMain] INFO  s.d.s.w.PropertySourcedRequestMappingHandlerMapping-Mapped URL path [/v2/api-docs] onto method [public org.springframework.http.ResponseEntity<springfox.documentation.spring.web.json.Json> springfox.documentation.swagger2.web.Swagger2Controller.getDocumentation(java.lang.String,javax.servlet.http.HttpServletRequest)]
2019-05-24 17:18:23.721 [restartedMain] INFO  s.d.s.web.plugins.DocumentationPluginsBootstrapper-Context refreshed
2019-05-24 17:18:23.723 [restartedMain] INFO  s.d.s.web.plugins.DocumentationPluginsBootstrapper-Found 1 custom documentation plugin(s)
2019-05-24 17:18:23.730 [restartedMain] INFO  s.d.spring.web.scanners.ApiListingReferenceScanner-Scanning for api listing references
2019-05-24 17:18:23.763 [restartedMain] INFO  org.apache.coyote.http11.Http11NioProtocol-Starting ProtocolHandler ["http-nio-8084"]
2019-05-24 17:18:23.773 [restartedMain] INFO  o.s.boot.web.embedded.tomcat.TomcatWebServer-Tomcat started on port(s): 8084 (http) with context path ''
2019-05-24 17:18:23.773 [restartedMain] INFO  demo.eureka.com.eu.WebApp-Started WebApp in 1.013 seconds (JVM running for 1499.017)
2019-05-24 17:18:23.777 [restartedMain] INFO  o.s.b.d.a.ConditionEvaluationDeltaLoggingListener-Condition evaluation unchanged
